<?xml version="1.0" encoding="UTF-8"?>
<!-- Generated by org.testng.reporters.JUnitXMLReporter -->
<testsuite ignored="0" hostname="Arya-Sreeraj09" failures="0" tests="4" name="Default test" time="151.437" errors="0" timestamp="2024-06-14T13:35:15 IST">
  <testcase classname="Testpkg.Logintest" name="logo" time="0.076"/>
  <testcase classname="Testpkg.Logintest" name="links" time="55.924"/>
  <testcase classname="Testpkg.Logintest" name="verifylogin" time="81.247"/>
  <testcase classname="Testpkg.Logintest" name="forgotpassword" time="0.645"/>
</testsuite> <!-- Default test -->
