<?xml version="1.0" encoding="UTF-8"?>
<testng-results ignored="0" total="4" passed="4" failed="0" skipped="0">
  <reporter-output>
  </reporter-output>
  <suite started-at="2024-06-14T13:32:43 IST" name="Default suite" finished-at="2024-06-14T13:35:15 IST" duration-ms="151437">
    <groups>
    </groups>
    <test started-at="2024-06-14T13:32:43 IST" name="Default test" finished-at="2024-06-14T13:35:15 IST" duration-ms="151437">
      <class name="Testpkg.Logintest">
        <test-method is-config="true" signature="setup()[pri:0, instance:Testpkg.Logintest@750e2b97]" started-at="2024-06-14T13:32:43 IST" name="setup" finished-at="2024-06-14T13:32:57 IST" duration-ms="13176" status="PASS">
          <reporter-output>
          </reporter-output>
        </test-method> <!-- setup -->
        <test-method signature="logo()[pri:1, instance:Testpkg.Logintest@750e2b97]" started-at="2024-06-14T13:32:57 IST" name="logo" finished-at="2024-06-14T13:32:57 IST" duration-ms="76" status="PASS">
          <reporter-output>
          </reporter-output>
        </test-method> <!-- logo -->
        <test-method signature="links()[pri:2, instance:Testpkg.Logintest@750e2b97]" started-at="2024-06-14T13:32:57 IST" name="links" finished-at="2024-06-14T13:33:53 IST" duration-ms="55924" status="PASS">
          <reporter-output>
          </reporter-output>
        </test-method> <!-- links -->
        <test-method signature="verifylogin()[pri:3, instance:Testpkg.Logintest@750e2b97]" started-at="2024-06-14T13:33:53 IST" name="verifylogin" finished-at="2024-06-14T13:35:14 IST" duration-ms="81247" status="PASS">
          <reporter-output>
          </reporter-output>
        </test-method> <!-- verifylogin -->
        <test-method signature="forgotpassword()[pri:4, instance:Testpkg.Logintest@750e2b97]" started-at="2024-06-14T13:35:14 IST" name="forgotpassword" finished-at="2024-06-14T13:35:15 IST" duration-ms="645" status="PASS">
          <reporter-output>
          </reporter-output>
        </test-method> <!-- forgotpassword -->
      </class> <!-- Testpkg.Logintest -->
    </test> <!-- Default test -->
  </suite> <!-- Default suite -->
</testng-results>
